<?xml version="1.0" encoding="UTF-8"?>
<testsuite name="com.example.springboot.web.IndexControllerTest" tests="1" skipped="0" failures="0" errors="0" timestamp="2020-07-16T13:22:19" hostname="DESKTOP-HG3VL7R" time="0.315">
  <properties/>
  <testcase name="메인페이지_로딩" classname="com.example.springboot.web.IndexControllerTest" time="0.315"/>
  <system-out><![CDATA[2020-07-16 22:22:14.263  INFO 25788 --- [    Test worker] .b.t.c.SpringBootTestContextBootstrapper : Neither @ContextConfiguration nor @ContextHierarchy found for test class [com.example.springboot.web.IndexControllerTest], using SpringBootContextLoader
2020-07-16 22:22:14.265  INFO 25788 --- [    Test worker] o.s.t.c.support.AbstractContextLoader    : Could not detect default resource locations for test class [com.example.springboot.web.IndexControllerTest]: no resource found for suffixes {-context.xml, Context.groovy}.
2020-07-16 22:22:14.266  INFO 25788 --- [    Test worker] t.c.s.AnnotationConfigContextLoaderUtils : Could not detect default configuration classes for test class [com.example.springboot.web.IndexControllerTest]: IndexControllerTest does not declare any static, non-private, non-final, nested classes annotated with @Configuration.
2020-07-16 22:22:14.270  INFO 25788 --- [    Test worker] .b.t.c.SpringBootTestContextBootstrapper : Found @SpringBootConfiguration com.example.springboot.Application for test class com.example.springboot.web.IndexControllerTest
2020-07-16 22:22:14.272  INFO 25788 --- [    Test worker] .b.t.c.SpringBootTestContextBootstrapper : Loaded default TestExecutionListener class names from location [META-INF/spring.factories]: [org.springframework.security.test.context.support.WithSecurityContextTestExecutionListener, org.springframework.security.test.context.support.ReactorContextTestExecutionListener, org.springframework.boot.test.autoconfigure.restdocs.RestDocsTestExecutionListener, org.springframework.boot.test.autoconfigure.web.client.MockRestServiceServerResetTestExecutionListener, org.springframework.boot.test.autoconfigure.web.servlet.MockMvcPrintOnlyOnFailureTestExecutionListener, org.springframework.boot.test.autoconfigure.web.servlet.WebDriverTestExecutionListener, org.springframework.boot.test.mock.mockito.MockitoTestExecutionListener, org.springframework.boot.test.mock.mockito.ResetMocksTestExecutionListener, org.springframework.test.context.web.ServletTestExecutionListener, org.springframework.test.context.support.DirtiesContextBeforeModesTestExecutionListener, org.springframework.test.context.support.DependencyInjectionTestExecutionListener, org.springframework.test.context.support.DirtiesContextTestExecutionListener, org.springframework.test.context.transaction.TransactionalTestExecutionListener, org.springframework.test.context.jdbc.SqlScriptsTestExecutionListener]
2020-07-16 22:22:14.276  INFO 25788 --- [    Test worker] .b.t.c.SpringBootTestContextBootstrapper : Using TestExecutionListeners: [org.springframework.test.context.web.ServletTestExecutionListener@683977c5, org.springframework.test.context.support.DirtiesContextBeforeModesTestExecutionListener@1d62ebcc, org.springframework.boot.test.mock.mockito.MockitoTestExecutionListener@a0905a0, org.springframework.boot.test.autoconfigure.SpringBootDependencyInjectionTestExecutionListener@220cb5d3, org.springframework.test.context.support.DirtiesContextTestExecutionListener@1287908, org.springframework.test.context.transaction.TransactionalTestExecutionListener@b9ece6a, org.springframework.test.context.jdbc.SqlScriptsTestExecutionListener@4978febc, org.springframework.security.test.context.support.WithSecurityContextTestExecutionListener@e1d786d, org.springframework.security.test.context.support.ReactorContextTestExecutionListener@4cbfb09f, org.springframework.boot.test.autoconfigure.restdocs.RestDocsTestExecutionListener@312fdafc, org.springframework.boot.test.autoconfigure.web.client.MockRestServiceServerResetTestExecutionListener@3f2c5f7b, org.springframework.boot.test.autoconfigure.web.servlet.MockMvcPrintOnlyOnFailureTestExecutionListener@5a9796e3, org.springframework.boot.test.autoconfigure.web.servlet.WebDriverTestExecutionListener@6b9dee66, org.springframework.boot.test.mock.mockito.ResetMocksTestExecutionListener@24aa21d3]

  .   ____          _            __ _ _
 /\\ / ___'_ __ _ _(_)_ __  __ _ \ \ \ \
( ( )\___ | '_ | '_| | '_ \/ _` | \ \ \ \
 \\/  ___)| |_)| | | | | || (_| |  ) ) ) )
  '  |____| .__|_| |_|_| |_\__, | / / / /
 =========|_|==============|___/=/_/_/_/
 :: Spring Boot ::        (v2.1.7.RELEASE)

2020-07-16 22:22:14.385  INFO 25788 --- [    Test worker] c.e.springboot.web.IndexControllerTest   : Starting IndexControllerTest on DESKTOP-HG3VL7R with PID 25788 (started by user in C:\Users\user\IdeaProjects\springbootwebservice)
2020-07-16 22:22:14.385  INFO 25788 --- [    Test worker] c.e.springboot.web.IndexControllerTest   : The following profiles are active: oauth
2020-07-16 22:22:14.842  INFO 25788 --- [    Test worker] .s.d.r.c.RepositoryConfigurationDelegate : Bootstrapping Spring Data repositories in DEFAULT mode.
2020-07-16 22:22:14.900  INFO 25788 --- [    Test worker] .s.d.r.c.RepositoryConfigurationDelegate : Finished Spring Data repository scanning in 57ms. Found 2 repository interfaces.
2020-07-16 22:22:15.150  INFO 25788 --- [    Test worker] trationDelegate$BeanPostProcessorChecker : Bean 'org.springframework.transaction.annotation.ProxyTransactionManagementConfiguration' of type [org.springframework.transaction.annotation.ProxyTransactionManagementConfiguration$$EnhancerBySpringCGLIB$$935379f6] is not eligible for getting processed by all BeanPostProcessors (for example: not eligible for auto-proxying)
2020-07-16 22:22:15.728  INFO 25788 --- [    Test worker] o.s.b.w.embedded.tomcat.TomcatWebServer  : Tomcat initialized with port(s): 0 (http)
2020-07-16 22:22:15.793  INFO 25788 --- [    Test worker] o.apache.catalina.core.StandardService   : Starting service [Tomcat]
2020-07-16 22:22:15.793  INFO 25788 --- [    Test worker] org.apache.catalina.core.StandardEngine  : Starting Servlet engine: [Apache Tomcat/9.0.22]
2020-07-16 22:22:16.119  INFO 25788 --- [    Test worker] o.a.c.c.C.[Tomcat].[localhost].[/]       : Initializing Spring embedded WebApplicationContext
2020-07-16 22:22:16.119  INFO 25788 --- [    Test worker] o.s.web.context.ContextLoader            : Root WebApplicationContext: initialization completed in 1727 ms
2020-07-16 22:22:16.550  INFO 25788 --- [    Test worker] com.zaxxer.hikari.HikariDataSource       : HikariPool-2 - Starting...
2020-07-16 22:22:16.552  INFO 25788 --- [    Test worker] com.zaxxer.hikari.HikariDataSource       : HikariPool-2 - Start completed.
2020-07-16 22:22:16.652  INFO 25788 --- [    Test worker] o.hibernate.jpa.internal.util.LogHelper  : HHH000204: Processing PersistenceUnitInfo [
	name: default
	...]
2020-07-16 22:22:16.680  INFO 25788 --- [    Test worker] org.hibernate.dialect.Dialect            : HHH000400: Using dialect: org.hibernate.dialect.MySQL5InnoDBDialect
Hibernate: drop table if exists posts
Hibernate: drop table if exists user
Hibernate: create table posts (id bigint not null auto_increment, created_date datetime, modified_date datetime, author varchar(255), content TEXT not null, title varchar(500) not null, primary key (id)) engine=InnoDB
Hibernate: create table user (id bigint not null auto_increment, email varchar(255) not null, name varchar(255) not null, picture varchar(255), role varchar(255) not null, primary key (id)) engine=InnoDB
2020-07-16 22:22:16.808  INFO 25788 --- [    Test worker] o.h.t.schema.internal.SchemaCreatorImpl  : HHH000476: Executing import script 'org.hibernate.tool.schema.internal.exec.ScriptSourceInputNonExistentImpl@4db7de40'
2020-07-16 22:22:16.809  INFO 25788 --- [    Test worker] j.LocalContainerEntityManagerFactoryBean : Initialized JPA EntityManagerFactory for persistence unit 'default'
2020-07-16 22:22:17.569  INFO 25788 --- [    Test worker] o.h.h.i.QueryTranslatorFactoryInitiator  : HHH000397: Using ASTQueryTranslatorFactory
2020-07-16 22:22:17.929  INFO 25788 --- [    Test worker] o.s.s.web.DefaultSecurityFilterChain     : Creating filter chain: any request, [org.springframework.security.web.context.request.async.WebAsyncManagerIntegrationFilter@7a7a809d, org.springframework.security.web.context.SecurityContextPersistenceFilter@7895740e, org.springframework.security.web.header.HeaderWriterFilter@509fade8, org.springframework.security.web.authentication.logout.LogoutFilter@770c2654, org.springframework.security.oauth2.client.web.OAuth2AuthorizationRequestRedirectFilter@69e10845, org.springframework.security.oauth2.client.web.OAuth2LoginAuthenticationFilter@31015535, org.springframework.security.web.authentication.ui.DefaultLoginPageGeneratingFilter@24ea13c3, org.springframework.security.web.authentication.ui.DefaultLogoutPageGeneratingFilter@20a2ed97, org.springframework.security.web.savedrequest.RequestCacheAwareFilter@5b71cff9, org.springframework.security.web.servletapi.SecurityContextHolderAwareRequestFilter@762cc992, org.springframework.security.web.authentication.AnonymousAuthenticationFilter@41606ae6, org.springframework.security.web.session.SessionManagementFilter@4592e0d4, org.springframework.security.web.access.ExceptionTranslationFilter@595f4316, org.springframework.security.web.access.intercept.FilterSecurityInterceptor@44c3d835]
2020-07-16 22:22:18.398  INFO 25788 --- [    Test worker] o.s.s.concurrent.ThreadPoolTaskExecutor  : Initializing ExecutorService 'applicationTaskExecutor'
2020-07-16 22:22:18.429  WARN 25788 --- [    Test worker] aWebConfiguration$JpaWebMvcConfiguration : spring.jpa.open-in-view is enabled by default. Therefore, database queries may be performed during view rendering. Explicitly configure spring.jpa.open-in-view to disable this warning
2020-07-16 22:22:18.494  INFO 25788 --- [    Test worker] o.s.b.a.w.s.WelcomePageHandlerMapping    : Adding welcome page template: index
2020-07-16 22:22:19.114  INFO 25788 --- [    Test worker] s.a.ScheduledAnnotationBeanPostProcessor : No TaskScheduler/ScheduledExecutorService bean found for scheduled processing
2020-07-16 22:22:19.149  INFO 25788 --- [    Test worker] o.s.b.w.embedded.tomcat.TomcatWebServer  : Tomcat started on port(s): 51749 (http) with context path ''
2020-07-16 22:22:19.150  INFO 25788 --- [    Test worker] c.e.springboot.web.IndexControllerTest   : Started IndexControllerTest in 4.869 seconds (JVM running for 23.161)
2020-07-16 22:22:19.312  INFO 25788 --- [o-auto-1-exec-1] o.a.c.c.C.[Tomcat].[localhost].[/]       : Initializing Spring DispatcherServlet 'dispatcherServlet'
2020-07-16 22:22:19.312  INFO 25788 --- [o-auto-1-exec-1] o.s.web.servlet.DispatcherServlet        : Initializing Servlet 'dispatcherServlet'
2020-07-16 22:22:19.345  INFO 25788 --- [o-auto-1-exec-1] o.s.web.servlet.DispatcherServlet        : Completed initialization in 33 ms
Hibernate: select posts0_.id as id1_0_, posts0_.created_date as created_2_0_, posts0_.modified_date as modified3_0_, posts0_.author as author4_0_, posts0_.content as content5_0_, posts0_.title as title6_0_ from posts posts0_ order by posts0_.id DESC
]]></system-out>
  <system-err><![CDATA[]]></system-err>
</testsuite>
