<?xml version="1.0" encoding="UTF-8"?>
<testsuite name="com.example.springboot.web.HelloControllerTest" tests="2" skipped="0" failures="0" errors="0" timestamp="2020-06-23T08:58:08" hostname="DESKTOP-HG3VL7R" time="0.332">
  <properties/>
  <testcase name="hello가_리턴된다" classname="com.example.springboot.web.HelloControllerTest" time="0.131"/>
  <testcase name="helloDto가_리턴된다" classname="com.example.springboot.web.HelloControllerTest" time="0.201"/>
  <system-out><![CDATA[2020-06-23 17:58:05.888  INFO 22988 --- [    Test worker] .b.t.a.w.s.WebMvcTestContextBootstrapper : Neither @ContextConfiguration nor @ContextHierarchy found for test class [com.example.springboot.web.HelloControllerTest], using SpringBootContextLoader
2020-06-23 17:58:05.891  INFO 22988 --- [    Test worker] o.s.t.c.support.AbstractContextLoader    : Could not detect default resource locations for test class [com.example.springboot.web.HelloControllerTest]: no resource found for suffixes {-context.xml, Context.groovy}.
2020-06-23 17:58:05.891  INFO 22988 --- [    Test worker] t.c.s.AnnotationConfigContextLoaderUtils : Could not detect default configuration classes for test class [com.example.springboot.web.HelloControllerTest]: HelloControllerTest does not declare any static, non-private, non-final, nested classes annotated with @Configuration.
2020-06-23 17:58:05.944  INFO 22988 --- [    Test worker] .b.t.c.SpringBootTestContextBootstrapper : Found @SpringBootConfiguration com.example.springboot.Application for test class com.example.springboot.web.HelloControllerTest
2020-06-23 17:58:05.945  INFO 22988 --- [    Test worker] .b.t.a.w.s.WebMvcTestContextBootstrapper : Loaded default TestExecutionListener class names from location [META-INF/spring.factories]: [org.springframework.security.test.context.support.WithSecurityContextTestExecutionListener, org.springframework.security.test.context.support.ReactorContextTestExecutionListener, org.springframework.boot.test.autoconfigure.restdocs.RestDocsTestExecutionListener, org.springframework.boot.test.autoconfigure.web.client.MockRestServiceServerResetTestExecutionListener, org.springframework.boot.test.autoconfigure.web.servlet.MockMvcPrintOnlyOnFailureTestExecutionListener, org.springframework.boot.test.autoconfigure.web.servlet.WebDriverTestExecutionListener, org.springframework.boot.test.mock.mockito.MockitoTestExecutionListener, org.springframework.boot.test.mock.mockito.ResetMocksTestExecutionListener, org.springframework.test.context.web.ServletTestExecutionListener, org.springframework.test.context.support.DirtiesContextBeforeModesTestExecutionListener, org.springframework.test.context.support.DependencyInjectionTestExecutionListener, org.springframework.test.context.support.DirtiesContextTestExecutionListener, org.springframework.test.context.transaction.TransactionalTestExecutionListener, org.springframework.test.context.jdbc.SqlScriptsTestExecutionListener, org.springframework.test.context.event.EventPublishingTestExecutionListener]
2020-06-23 17:58:05.948  INFO 22988 --- [    Test worker] .b.t.a.w.s.WebMvcTestContextBootstrapper : Using TestExecutionListeners: [org.springframework.test.context.web.ServletTestExecutionListener@3adc48e2, org.springframework.test.context.support.DirtiesContextBeforeModesTestExecutionListener@4dd4ee86, org.springframework.boot.test.mock.mockito.MockitoTestExecutionListener@34b8f59d, org.springframework.boot.test.autoconfigure.SpringBootDependencyInjectionTestExecutionListener@5548fac4, org.springframework.test.context.support.DirtiesContextTestExecutionListener@d8b23d7, org.springframework.test.context.transaction.TransactionalTestExecutionListener@67414c3e, org.springframework.test.context.jdbc.SqlScriptsTestExecutionListener@14a65956, org.springframework.security.test.context.support.WithSecurityContextTestExecutionListener@6aa1fdc, org.springframework.test.context.event.EventPublishingTestExecutionListener@52eb0145, org.springframework.security.test.context.support.ReactorContextTestExecutionListener@3f26979a, org.springframework.boot.test.autoconfigure.restdocs.RestDocsTestExecutionListener@196c05c1, org.springframework.boot.test.autoconfigure.web.client.MockRestServiceServerResetTestExecutionListener@4feebdcf, org.springframework.boot.test.autoconfigure.web.servlet.MockMvcPrintOnlyOnFailureTestExecutionListener@45057c5e, org.springframework.boot.test.autoconfigure.web.servlet.WebDriverTestExecutionListener@4e14a923, org.springframework.boot.test.mock.mockito.ResetMocksTestExecutionListener@37afff2d]

  .   ____          _            __ _ _
 /\\ / ___'_ __ _ _(_)_ __  __ _ \ \ \ \
( ( )\___ | '_ | '_| | '_ \/ _` | \ \ \ \
 \\/  ___)| |_)| | | | | || (_| |  ) ) ) )
  '  |____| .__|_| |_|_| |_\__, | / / / /
 =========|_|==============|___/=/_/_/_/
 :: Spring Boot ::        (v2.2.6.RELEASE)

2020-06-23 17:58:06.075  INFO 22988 --- [    Test worker] c.e.springboot.web.HelloControllerTest   : Starting HelloControllerTest on DESKTOP-HG3VL7R with PID 22988 (started by user in C:\Users\user\IdeaProjects\springbootwebservice)
2020-06-23 17:58:06.075  INFO 22988 --- [    Test worker] c.e.springboot.web.HelloControllerTest   : The following profiles are active: oauth
2020-06-23 17:58:07.038  INFO 22988 --- [    Test worker] o.s.s.concurrent.ThreadPoolTaskExecutor  : Initializing ExecutorService 'applicationTaskExecutor'
2020-06-23 17:58:07.115  INFO 22988 --- [    Test worker] o.s.b.a.w.s.WelcomePageHandlerMapping    : Adding welcome page template: index
2020-06-23 17:58:07.535  INFO 22988 --- [    Test worker] .s.s.UserDetailsServiceAutoConfiguration : 

Using generated security password: 8976f41b-27ad-4b22-a777-a592bf25f75f

2020-06-23 17:58:07.973  INFO 22988 --- [    Test worker] o.s.s.web.DefaultSecurityFilterChain     : Creating filter chain: any request, [org.springframework.security.web.context.request.async.WebAsyncManagerIntegrationFilter@3a179a2d, org.springframework.security.web.context.SecurityContextPersistenceFilter@610ce330, org.springframework.security.web.header.HeaderWriterFilter@7127a943, org.springframework.security.web.csrf.CsrfFilter@1623def9, org.springframework.security.web.authentication.logout.LogoutFilter@3cc6f5e9, org.springframework.security.web.authentication.UsernamePasswordAuthenticationFilter@6a86e5db, org.springframework.security.web.authentication.ui.DefaultLoginPageGeneratingFilter@3c2f18fb, org.springframework.security.web.authentication.ui.DefaultLogoutPageGeneratingFilter@6033e5c1, org.springframework.security.web.authentication.www.BasicAuthenticationFilter@5a801e96, org.springframework.security.web.savedrequest.RequestCacheAwareFilter@527b3f20, org.springframework.security.web.servletapi.SecurityContextHolderAwareRequestFilter@1e5ae99d, org.springframework.security.web.authentication.AnonymousAuthenticationFilter@3a9d23ff, org.springframework.security.web.session.SessionManagementFilter@79fb6588, org.springframework.security.web.access.ExceptionTranslationFilter@3ea1bca5, org.springframework.security.web.access.intercept.FilterSecurityInterceptor@5f6b4805]
2020-06-23 17:58:08.115  INFO 22988 --- [    Test worker] o.s.b.t.m.w.SpringBootMockServletContext : Initializing Spring TestDispatcherServlet ''
2020-06-23 17:58:08.115  INFO 22988 --- [    Test worker] o.s.t.web.servlet.TestDispatcherServlet  : Initializing Servlet ''
2020-06-23 17:58:08.149  INFO 22988 --- [    Test worker] o.s.t.web.servlet.TestDispatcherServlet  : Completed initialization in 33 ms
2020-06-23 17:58:08.191  INFO 22988 --- [    Test worker] c.e.springboot.web.HelloControllerTest   : Started HelloControllerTest in 2.237 seconds (JVM running for 18.897)
]]></system-out>
  <system-err><![CDATA[]]></system-err>
</testsuite>
