<?xml version="1.0" encoding="UTF-8"?>
<testsuite name="com.example.springboot.web.HelloControllerTest" tests="2" skipped="0" failures="0" errors="0" timestamp="2020-06-22T07:20:32" hostname="DESKTOP-HG3VL7R" time="0.346">
  <properties/>
  <testcase name="hello가_리턴된다" classname="com.example.springboot.web.HelloControllerTest" time="0.157"/>
  <testcase name="helloDto가_리턴된다" classname="com.example.springboot.web.HelloControllerTest" time="0.187"/>
  <system-out><![CDATA[2020-06-22 16:20:30.057  INFO 18332 --- [    Test worker] .b.t.a.w.s.WebMvcTestContextBootstrapper : Neither @ContextConfiguration nor @ContextHierarchy found for test class [com.example.springboot.web.HelloControllerTest], using SpringBootContextLoader
2020-06-22 16:20:30.059  INFO 18332 --- [    Test worker] o.s.t.c.support.AbstractContextLoader    : Could not detect default resource locations for test class [com.example.springboot.web.HelloControllerTest]: no resource found for suffixes {-context.xml, Context.groovy}.
2020-06-22 16:20:30.059  INFO 18332 --- [    Test worker] t.c.s.AnnotationConfigContextLoaderUtils : Could not detect default configuration classes for test class [com.example.springboot.web.HelloControllerTest]: HelloControllerTest does not declare any static, non-private, non-final, nested classes annotated with @Configuration.
2020-06-22 16:20:30.111  INFO 18332 --- [    Test worker] .b.t.c.SpringBootTestContextBootstrapper : Found @SpringBootConfiguration com.example.springboot.Application for test class com.example.springboot.web.HelloControllerTest
2020-06-22 16:20:30.112  INFO 18332 --- [    Test worker] .b.t.a.w.s.WebMvcTestContextBootstrapper : Loaded default TestExecutionListener class names from location [META-INF/spring.factories]: [org.springframework.security.test.context.support.WithSecurityContextTestExecutionListener, org.springframework.security.test.context.support.ReactorContextTestExecutionListener, org.springframework.boot.test.autoconfigure.restdocs.RestDocsTestExecutionListener, org.springframework.boot.test.autoconfigure.web.client.MockRestServiceServerResetTestExecutionListener, org.springframework.boot.test.autoconfigure.web.servlet.MockMvcPrintOnlyOnFailureTestExecutionListener, org.springframework.boot.test.autoconfigure.web.servlet.WebDriverTestExecutionListener, org.springframework.boot.test.mock.mockito.MockitoTestExecutionListener, org.springframework.boot.test.mock.mockito.ResetMocksTestExecutionListener, org.springframework.test.context.web.ServletTestExecutionListener, org.springframework.test.context.support.DirtiesContextBeforeModesTestExecutionListener, org.springframework.test.context.support.DependencyInjectionTestExecutionListener, org.springframework.test.context.support.DirtiesContextTestExecutionListener, org.springframework.test.context.transaction.TransactionalTestExecutionListener, org.springframework.test.context.jdbc.SqlScriptsTestExecutionListener, org.springframework.test.context.event.EventPublishingTestExecutionListener]
2020-06-22 16:20:30.116  INFO 18332 --- [    Test worker] .b.t.a.w.s.WebMvcTestContextBootstrapper : Using TestExecutionListeners: [org.springframework.test.context.web.ServletTestExecutionListener@2250971e, org.springframework.test.context.support.DirtiesContextBeforeModesTestExecutionListener@54772bf2, org.springframework.boot.test.mock.mockito.MockitoTestExecutionListener@55857bdf, org.springframework.boot.test.autoconfigure.SpringBootDependencyInjectionTestExecutionListener@306a6f, org.springframework.test.context.support.DirtiesContextTestExecutionListener@267ef510, org.springframework.test.context.transaction.TransactionalTestExecutionListener@4b3b6296, org.springframework.test.context.jdbc.SqlScriptsTestExecutionListener@359eb3ad, org.springframework.security.test.context.support.WithSecurityContextTestExecutionListener@36fed463, org.springframework.test.context.event.EventPublishingTestExecutionListener@67f961d9, org.springframework.security.test.context.support.ReactorContextTestExecutionListener@77469062, org.springframework.boot.test.autoconfigure.restdocs.RestDocsTestExecutionListener@370556fc, org.springframework.boot.test.autoconfigure.web.client.MockRestServiceServerResetTestExecutionListener@7718d1b3, org.springframework.boot.test.autoconfigure.web.servlet.MockMvcPrintOnlyOnFailureTestExecutionListener@5b439120, org.springframework.boot.test.autoconfigure.web.servlet.WebDriverTestExecutionListener@1845dfaa, org.springframework.boot.test.mock.mockito.ResetMocksTestExecutionListener@56ac8e8]

  .   ____          _            __ _ _
 /\\ / ___'_ __ _ _(_)_ __  __ _ \ \ \ \
( ( )\___ | '_ | '_| | '_ \/ _` | \ \ \ \
 \\/  ___)| |_)| | | | | || (_| |  ) ) ) )
  '  |____| .__|_| |_|_| |_\__, | / / / /
 =========|_|==============|___/=/_/_/_/
 :: Spring Boot ::        (v2.2.6.RELEASE)

2020-06-22 16:20:30.249  INFO 18332 --- [    Test worker] c.e.springboot.web.HelloControllerTest   : Starting HelloControllerTest on DESKTOP-HG3VL7R with PID 18332 (started by user in C:\Users\user\IdeaProjects\springbootwebservice)
2020-06-22 16:20:30.249  INFO 18332 --- [    Test worker] c.e.springboot.web.HelloControllerTest   : The following profiles are active: oauth
2020-06-22 16:20:31.237  INFO 18332 --- [    Test worker] o.s.s.concurrent.ThreadPoolTaskExecutor  : Initializing ExecutorService 'applicationTaskExecutor'
2020-06-22 16:20:31.307  INFO 18332 --- [    Test worker] o.s.b.a.w.s.WelcomePageHandlerMapping    : Adding welcome page template: index
2020-06-22 16:20:31.700  INFO 18332 --- [    Test worker] .s.s.UserDetailsServiceAutoConfiguration : 

Using generated security password: 2cf442e7-3746-4d94-9d48-de40588d3e51

2020-06-22 16:20:32.068  INFO 18332 --- [    Test worker] o.s.s.web.DefaultSecurityFilterChain     : Creating filter chain: any request, [org.springframework.security.web.context.request.async.WebAsyncManagerIntegrationFilter@5fcb7188, org.springframework.security.web.context.SecurityContextPersistenceFilter@2ab7d30f, org.springframework.security.web.header.HeaderWriterFilter@2c0ac9f3, org.springframework.security.web.csrf.CsrfFilter@1054a3d4, org.springframework.security.web.authentication.logout.LogoutFilter@637fed13, org.springframework.security.web.authentication.UsernamePasswordAuthenticationFilter@3e8bcf6c, org.springframework.security.web.authentication.ui.DefaultLoginPageGeneratingFilter@36cebcc4, org.springframework.security.web.authentication.ui.DefaultLogoutPageGeneratingFilter@4b3a7dd3, org.springframework.security.web.authentication.www.BasicAuthenticationFilter@33217c04, org.springframework.security.web.savedrequest.RequestCacheAwareFilter@799cd229, org.springframework.security.web.servletapi.SecurityContextHolderAwareRequestFilter@323d9b8, org.springframework.security.web.authentication.AnonymousAuthenticationFilter@7343f9ec, org.springframework.security.web.session.SessionManagementFilter@197595a5, org.springframework.security.web.access.ExceptionTranslationFilter@17188c1c, org.springframework.security.web.access.intercept.FilterSecurityInterceptor@768e1301]
2020-06-22 16:20:32.192  INFO 18332 --- [    Test worker] o.s.b.t.m.w.SpringBootMockServletContext : Initializing Spring TestDispatcherServlet ''
2020-06-22 16:20:32.192  INFO 18332 --- [    Test worker] o.s.t.web.servlet.TestDispatcherServlet  : Initializing Servlet ''
2020-06-22 16:20:32.224  INFO 18332 --- [    Test worker] o.s.t.web.servlet.TestDispatcherServlet  : Completed initialization in 32 ms
2020-06-22 16:20:32.257  INFO 18332 --- [    Test worker] c.e.springboot.web.HelloControllerTest   : Started HelloControllerTest in 2.129 seconds (JVM running for 17.062)
]]></system-out>
  <system-err><![CDATA[]]></system-err>
</testsuite>
