<?xml version="1.0" encoding="UTF-8"?>
<testsuite name="com.example.springboot.web.HelloControllerTest" tests="2" skipped="0" failures="0" errors="0" timestamp="2020-07-16T13:35:25" hostname="DESKTOP-HG3VL7R" time="0.323">
  <properties/>
  <testcase name="hello가_리턴된다" classname="com.example.springboot.web.HelloControllerTest" time="0.136"/>
  <testcase name="helloDto가_리턴된다" classname="com.example.springboot.web.HelloControllerTest" time="0.187"/>
  <system-out><![CDATA[2020-07-16 22:35:23.288  INFO 8544 --- [    Test worker] .b.t.a.w.s.WebMvcTestContextBootstrapper : Neither @ContextConfiguration nor @ContextHierarchy found for test class [com.example.springboot.web.HelloControllerTest], using SpringBootContextLoader
2020-07-16 22:35:23.293  INFO 8544 --- [    Test worker] o.s.t.c.support.AbstractContextLoader    : Could not detect default resource locations for test class [com.example.springboot.web.HelloControllerTest]: no resource found for suffixes {-context.xml, Context.groovy}.
2020-07-16 22:35:23.294  INFO 8544 --- [    Test worker] t.c.s.AnnotationConfigContextLoaderUtils : Could not detect default configuration classes for test class [com.example.springboot.web.HelloControllerTest]: HelloControllerTest does not declare any static, non-private, non-final, nested classes annotated with @Configuration.
2020-07-16 22:35:23.373  INFO 8544 --- [    Test worker] .b.t.c.SpringBootTestContextBootstrapper : Found @SpringBootConfiguration com.example.springboot.Application for test class com.example.springboot.web.HelloControllerTest
2020-07-16 22:35:23.375  INFO 8544 --- [    Test worker] .b.t.a.w.s.WebMvcTestContextBootstrapper : Loaded default TestExecutionListener class names from location [META-INF/spring.factories]: [org.springframework.security.test.context.support.WithSecurityContextTestExecutionListener, org.springframework.security.test.context.support.ReactorContextTestExecutionListener, org.springframework.boot.test.autoconfigure.restdocs.RestDocsTestExecutionListener, org.springframework.boot.test.autoconfigure.web.client.MockRestServiceServerResetTestExecutionListener, org.springframework.boot.test.autoconfigure.web.servlet.MockMvcPrintOnlyOnFailureTestExecutionListener, org.springframework.boot.test.autoconfigure.web.servlet.WebDriverTestExecutionListener, org.springframework.boot.test.mock.mockito.MockitoTestExecutionListener, org.springframework.boot.test.mock.mockito.ResetMocksTestExecutionListener, org.springframework.test.context.web.ServletTestExecutionListener, org.springframework.test.context.support.DirtiesContextBeforeModesTestExecutionListener, org.springframework.test.context.support.DependencyInjectionTestExecutionListener, org.springframework.test.context.support.DirtiesContextTestExecutionListener, org.springframework.test.context.transaction.TransactionalTestExecutionListener, org.springframework.test.context.jdbc.SqlScriptsTestExecutionListener]
2020-07-16 22:35:23.387  INFO 8544 --- [    Test worker] .b.t.a.w.s.WebMvcTestContextBootstrapper : Using TestExecutionListeners: [org.springframework.test.context.web.ServletTestExecutionListener@4cd7bbc5, org.springframework.test.context.support.DirtiesContextBeforeModesTestExecutionListener@18c592ad, org.springframework.boot.test.mock.mockito.MockitoTestExecutionListener@7b82db06, org.springframework.boot.test.autoconfigure.SpringBootDependencyInjectionTestExecutionListener@666ef02f, org.springframework.test.context.support.DirtiesContextTestExecutionListener@171676b4, org.springframework.test.context.transaction.TransactionalTestExecutionListener@2372ce01, org.springframework.test.context.jdbc.SqlScriptsTestExecutionListener@4ec56b82, org.springframework.security.test.context.support.WithSecurityContextTestExecutionListener@5fbb05fd, org.springframework.security.test.context.support.ReactorContextTestExecutionListener@7b3c6b68, org.springframework.boot.test.autoconfigure.restdocs.RestDocsTestExecutionListener@4e0bb0c8, org.springframework.boot.test.autoconfigure.web.client.MockRestServiceServerResetTestExecutionListener@2bf74bf0, org.springframework.boot.test.autoconfigure.web.servlet.MockMvcPrintOnlyOnFailureTestExecutionListener@2c64279e, org.springframework.boot.test.autoconfigure.web.servlet.WebDriverTestExecutionListener@341b7e51, org.springframework.boot.test.mock.mockito.ResetMocksTestExecutionListener@270515ea]

  .   ____          _            __ _ _
 /\\ / ___'_ __ _ _(_)_ __  __ _ \ \ \ \
( ( )\___ | '_ | '_| | '_ \/ _` | \ \ \ \
 \\/  ___)| |_)| | | | | || (_| |  ) ) ) )
  '  |____| .__|_| |_|_| |_\__, | / / / /
 =========|_|==============|___/=/_/_/_/
 :: Spring Boot ::        (v2.1.7.RELEASE)

2020-07-16 22:35:23.555  INFO 8544 --- [    Test worker] c.e.springboot.web.HelloControllerTest   : Starting HelloControllerTest on DESKTOP-HG3VL7R with PID 8544 (started by user in C:\Users\user\IdeaProjects\springbootwebservice)
2020-07-16 22:35:23.556  INFO 8544 --- [    Test worker] c.e.springboot.web.HelloControllerTest   : The following profiles are active: oauth
2020-07-16 22:35:24.508  INFO 8544 --- [    Test worker] o.s.s.concurrent.ThreadPoolTaskExecutor  : Initializing ExecutorService 'applicationTaskExecutor'
2020-07-16 22:35:24.584  INFO 8544 --- [    Test worker] o.s.b.a.w.s.WelcomePageHandlerMapping    : Adding welcome page template: index
2020-07-16 22:35:25.055  INFO 8544 --- [    Test worker] .s.s.UserDetailsServiceAutoConfiguration : 

Using generated security password: 4d8e179c-5a27-4f22-a121-2cc5f5108e19

2020-07-16 22:35:25.413  INFO 8544 --- [    Test worker] o.s.s.web.DefaultSecurityFilterChain     : Creating filter chain: any request, [org.springframework.security.web.context.request.async.WebAsyncManagerIntegrationFilter@3cdbec1b, org.springframework.security.web.context.SecurityContextPersistenceFilter@662d97ea, org.springframework.security.web.header.HeaderWriterFilter@32c5134a, org.springframework.security.web.csrf.CsrfFilter@76c18e71, org.springframework.security.web.authentication.logout.LogoutFilter@431017e3, org.springframework.security.web.authentication.UsernamePasswordAuthenticationFilter@de905e9, org.springframework.security.web.authentication.ui.DefaultLoginPageGeneratingFilter@7bdbdd80, org.springframework.security.web.authentication.ui.DefaultLogoutPageGeneratingFilter@4d16915c, org.springframework.security.web.authentication.www.BasicAuthenticationFilter@700b0b8f, org.springframework.security.web.savedrequest.RequestCacheAwareFilter@44bdcd2d, org.springframework.security.web.servletapi.SecurityContextHolderAwareRequestFilter@5ef8c9b3, org.springframework.security.web.authentication.AnonymousAuthenticationFilter@65e9ac02, org.springframework.security.web.session.SessionManagementFilter@488da165, org.springframework.security.web.access.ExceptionTranslationFilter@28915466, org.springframework.security.web.access.intercept.FilterSecurityInterceptor@7c3423a6]
2020-07-16 22:35:25.497  INFO 8544 --- [    Test worker] o.s.b.t.m.w.SpringBootMockServletContext : Initializing Spring TestDispatcherServlet ''
2020-07-16 22:35:25.497  INFO 8544 --- [    Test worker] o.s.t.web.servlet.TestDispatcherServlet  : Initializing Servlet ''
2020-07-16 22:35:25.533  INFO 8544 --- [    Test worker] o.s.t.web.servlet.TestDispatcherServlet  : Completed initialization in 35 ms
2020-07-16 22:35:25.608  INFO 8544 --- [    Test worker] c.e.springboot.web.HelloControllerTest   : Started HelloControllerTest in 2.213 seconds (JVM running for 20.432)
]]></system-out>
  <system-err><![CDATA[]]></system-err>
</testsuite>
