<?xml version="1.0" encoding="UTF-8"?>
<testsuite name="com.example.springboot.web.dto.HelloResponseDtoTest" tests="1" skipped="0" failures="0" errors="0" timestamp="2020-06-22T07:20:30" hostname="DESKTOP-HG3VL7R" time="0.01">
  <properties/>
  <testcase name="롬복_기능_테스트" classname="com.example.springboot.web.dto.HelloResponseDtoTest" time="0.01"/>
  <system-out><![CDATA[]]></system-out>
  <system-err><![CDATA[]]></system-err>
</testsuite>
