<?xml version="1.0" encoding="UTF-8"?>
<testsuite name="com.example.springboot.web.PostsApiControllerTest" tests="2" skipped="0" failures="0" errors="0" timestamp="2020-06-17T00:38:01" hostname="DESKTOP-HG3VL7R" time="0.155">
  <properties/>
  <testcase name="Posts_등록된다" classname="com.example.springboot.web.PostsApiControllerTest" time="0.112"/>
  <testcase name="Posts_수정된다" classname="com.example.springboot.web.PostsApiControllerTest" time="0.042"/>
  <system-out><![CDATA[2020-06-17 09:38:01.963  INFO 19272 --- [    Test worker] .b.t.c.SpringBootTestContextBootstrapper : Neither @ContextConfiguration nor @ContextHierarchy found for test class [com.example.springboot.web.PostsApiControllerTest], using SpringBootContextLoader
2020-06-17 09:38:01.965  INFO 19272 --- [    Test worker] o.s.t.c.support.AbstractContextLoader    : Could not detect default resource locations for test class [com.example.springboot.web.PostsApiControllerTest]: no resource found for suffixes {-context.xml, Context.groovy}.
2020-06-17 09:38:01.965  INFO 19272 --- [    Test worker] t.c.s.AnnotationConfigContextLoaderUtils : Could not detect default configuration classes for test class [com.example.springboot.web.PostsApiControllerTest]: PostsApiControllerTest does not declare any static, non-private, non-final, nested classes annotated with @Configuration.
2020-06-17 09:38:01.969  INFO 19272 --- [    Test worker] .b.t.c.SpringBootTestContextBootstrapper : Found @SpringBootConfiguration com.example.springboot.Application for test class com.example.springboot.web.PostsApiControllerTest
2020-06-17 09:38:01.971  INFO 19272 --- [    Test worker] .b.t.c.SpringBootTestContextBootstrapper : Loaded default TestExecutionListener class names from location [META-INF/spring.factories]: [org.springframework.security.test.context.support.WithSecurityContextTestExecutionListener, org.springframework.security.test.context.support.ReactorContextTestExecutionListener, org.springframework.boot.test.autoconfigure.restdocs.RestDocsTestExecutionListener, org.springframework.boot.test.autoconfigure.web.client.MockRestServiceServerResetTestExecutionListener, org.springframework.boot.test.autoconfigure.web.servlet.MockMvcPrintOnlyOnFailureTestExecutionListener, org.springframework.boot.test.autoconfigure.web.servlet.WebDriverTestExecutionListener, org.springframework.boot.test.mock.mockito.MockitoTestExecutionListener, org.springframework.boot.test.mock.mockito.ResetMocksTestExecutionListener, org.springframework.test.context.web.ServletTestExecutionListener, org.springframework.test.context.support.DirtiesContextBeforeModesTestExecutionListener, org.springframework.test.context.support.DependencyInjectionTestExecutionListener, org.springframework.test.context.support.DirtiesContextTestExecutionListener, org.springframework.test.context.transaction.TransactionalTestExecutionListener, org.springframework.test.context.jdbc.SqlScriptsTestExecutionListener, org.springframework.test.context.event.EventPublishingTestExecutionListener]
2020-06-17 09:38:01.973  INFO 19272 --- [    Test worker] .b.t.c.SpringBootTestContextBootstrapper : Using TestExecutionListeners: [org.springframework.test.context.web.ServletTestExecutionListener@9e10450, org.springframework.test.context.support.DirtiesContextBeforeModesTestExecutionListener@79f55882, org.springframework.boot.test.mock.mockito.MockitoTestExecutionListener@24bff092, org.springframework.boot.test.autoconfigure.SpringBootDependencyInjectionTestExecutionListener@22eedfe0, org.springframework.test.context.support.DirtiesContextTestExecutionListener@232c8c69, org.springframework.test.context.transaction.TransactionalTestExecutionListener@70cee1c6, org.springframework.test.context.jdbc.SqlScriptsTestExecutionListener@2baeb42d, org.springframework.security.test.context.support.WithSecurityContextTestExecutionListener@7f6b7f67, org.springframework.test.context.event.EventPublishingTestExecutionListener@38e3eb27, org.springframework.security.test.context.support.ReactorContextTestExecutionListener@3f24fd2c, org.springframework.boot.test.autoconfigure.restdocs.RestDocsTestExecutionListener@61752939, org.springframework.boot.test.autoconfigure.web.client.MockRestServiceServerResetTestExecutionListener@4541f237, org.springframework.boot.test.autoconfigure.web.servlet.MockMvcPrintOnlyOnFailureTestExecutionListener@62dc836b, org.springframework.boot.test.autoconfigure.web.servlet.WebDriverTestExecutionListener@7a09cf81, org.springframework.boot.test.mock.mockito.ResetMocksTestExecutionListener@32fd0d18]
2020-06-17 09:38:01.995  INFO 19272 --- [    Test worker] o.a.c.c.C.[Tomcat].[localhost].[/]       : Initializing Spring TestDispatcherServlet ''
2020-06-17 09:38:01.996  INFO 19272 --- [    Test worker] o.s.t.web.servlet.TestDispatcherServlet  : Initializing Servlet ''
2020-06-17 09:38:01.998  INFO 19272 --- [    Test worker] o.s.t.web.servlet.TestDispatcherServlet  : Completed initialization in 2 ms
Hibernate: insert into posts (id, created_date, modified_date, author, content, title) values (null, ?, ?, ?, ?, ?)
Hibernate: select posts0_.id as id1_0_, posts0_.created_date as created_2_0_, posts0_.modified_date as modified3_0_, posts0_.author as author4_0_, posts0_.content as content5_0_, posts0_.title as title6_0_ from posts posts0_
Hibernate: select posts0_.id as id1_0_, posts0_.created_date as created_2_0_, posts0_.modified_date as modified3_0_, posts0_.author as author4_0_, posts0_.content as content5_0_, posts0_.title as title6_0_ from posts posts0_
Hibernate: delete from posts where id=?
2020-06-17 09:38:02.102  INFO 19272 --- [    Test worker] o.a.c.c.C.[Tomcat].[localhost].[/]       : Initializing Spring TestDispatcherServlet ''
2020-06-17 09:38:02.102  INFO 19272 --- [    Test worker] o.s.t.web.servlet.TestDispatcherServlet  : Initializing Servlet ''
2020-06-17 09:38:02.104  INFO 19272 --- [    Test worker] o.s.t.web.servlet.TestDispatcherServlet  : Completed initialization in 2 ms
Hibernate: insert into posts (id, created_date, modified_date, author, content, title) values (null, ?, ?, ?, ?, ?)
Hibernate: select posts0_.id as id1_0_0_, posts0_.created_date as created_2_0_0_, posts0_.modified_date as modified3_0_0_, posts0_.author as author4_0_0_, posts0_.content as content5_0_0_, posts0_.title as title6_0_0_ from posts posts0_ where posts0_.id=?
Hibernate: update posts set created_date=?, modified_date=?, author=?, content=?, title=? where id=?
Hibernate: select posts0_.id as id1_0_, posts0_.created_date as created_2_0_, posts0_.modified_date as modified3_0_, posts0_.author as author4_0_, posts0_.content as content5_0_, posts0_.title as title6_0_ from posts posts0_
Hibernate: select posts0_.id as id1_0_, posts0_.created_date as created_2_0_, posts0_.modified_date as modified3_0_, posts0_.author as author4_0_, posts0_.content as content5_0_, posts0_.title as title6_0_ from posts posts0_
Hibernate: delete from posts where id=?
]]></system-out>
  <system-err><![CDATA[]]></system-err>
</testsuite>
