<?xml version="1.0" encoding="UTF-8"?>
<testsuite name="com.example.springboot.web.IndexControllerTest" tests="1" skipped="0" failures="0" errors="0" timestamp="2020-06-22T07:20:37" hostname="DESKTOP-HG3VL7R" time="0.358">
  <properties/>
  <testcase name="메인페이지_로딩" classname="com.example.springboot.web.IndexControllerTest" time="0.358"/>
  <system-out><![CDATA[2020-06-22 16:20:32.616  INFO 18332 --- [    Test worker] .b.t.c.SpringBootTestContextBootstrapper : Neither @ContextConfiguration nor @ContextHierarchy found for test class [com.example.springboot.web.IndexControllerTest], using SpringBootContextLoader
2020-06-22 16:20:32.618  INFO 18332 --- [    Test worker] o.s.t.c.support.AbstractContextLoader    : Could not detect default resource locations for test class [com.example.springboot.web.IndexControllerTest]: no resource found for suffixes {-context.xml, Context.groovy}.
2020-06-22 16:20:32.619  INFO 18332 --- [    Test worker] t.c.s.AnnotationConfigContextLoaderUtils : Could not detect default configuration classes for test class [com.example.springboot.web.IndexControllerTest]: IndexControllerTest does not declare any static, non-private, non-final, nested classes annotated with @Configuration.
2020-06-22 16:20:32.625  INFO 18332 --- [    Test worker] .b.t.c.SpringBootTestContextBootstrapper : Found @SpringBootConfiguration com.example.springboot.Application for test class com.example.springboot.web.IndexControllerTest
2020-06-22 16:20:32.629  INFO 18332 --- [    Test worker] .b.t.c.SpringBootTestContextBootstrapper : Loaded default TestExecutionListener class names from location [META-INF/spring.factories]: [org.springframework.security.test.context.support.WithSecurityContextTestExecutionListener, org.springframework.security.test.context.support.ReactorContextTestExecutionListener, org.springframework.boot.test.autoconfigure.restdocs.RestDocsTestExecutionListener, org.springframework.boot.test.autoconfigure.web.client.MockRestServiceServerResetTestExecutionListener, org.springframework.boot.test.autoconfigure.web.servlet.MockMvcPrintOnlyOnFailureTestExecutionListener, org.springframework.boot.test.autoconfigure.web.servlet.WebDriverTestExecutionListener, org.springframework.boot.test.mock.mockito.MockitoTestExecutionListener, org.springframework.boot.test.mock.mockito.ResetMocksTestExecutionListener, org.springframework.test.context.web.ServletTestExecutionListener, org.springframework.test.context.support.DirtiesContextBeforeModesTestExecutionListener, org.springframework.test.context.support.DependencyInjectionTestExecutionListener, org.springframework.test.context.support.DirtiesContextTestExecutionListener, org.springframework.test.context.transaction.TransactionalTestExecutionListener, org.springframework.test.context.jdbc.SqlScriptsTestExecutionListener, org.springframework.test.context.event.EventPublishingTestExecutionListener]
2020-06-22 16:20:32.633  INFO 18332 --- [    Test worker] .b.t.c.SpringBootTestContextBootstrapper : Using TestExecutionListeners: [org.springframework.test.context.web.ServletTestExecutionListener@bf56eaa, org.springframework.test.context.support.DirtiesContextBeforeModesTestExecutionListener@4d5605b9, org.springframework.boot.test.mock.mockito.MockitoTestExecutionListener@dc5b73a, org.springframework.boot.test.autoconfigure.SpringBootDependencyInjectionTestExecutionListener@20831920, org.springframework.test.context.support.DirtiesContextTestExecutionListener@a3a3a4, org.springframework.test.context.transaction.TransactionalTestExecutionListener@7d2505c4, org.springframework.test.context.jdbc.SqlScriptsTestExecutionListener@5df9113d, org.springframework.security.test.context.support.WithSecurityContextTestExecutionListener@658b59bb, org.springframework.test.context.event.EventPublishingTestExecutionListener@78a8782d, org.springframework.security.test.context.support.ReactorContextTestExecutionListener@2df659d9, org.springframework.boot.test.autoconfigure.restdocs.RestDocsTestExecutionListener@3893d5a3, org.springframework.boot.test.autoconfigure.web.client.MockRestServiceServerResetTestExecutionListener@76a158b, org.springframework.boot.test.autoconfigure.web.servlet.MockMvcPrintOnlyOnFailureTestExecutionListener@3c387c5b, org.springframework.boot.test.autoconfigure.web.servlet.WebDriverTestExecutionListener@239fc294, org.springframework.boot.test.mock.mockito.ResetMocksTestExecutionListener@5073589]

  .   ____          _            __ _ _
 /\\ / ___'_ __ _ _(_)_ __  __ _ \ \ \ \
( ( )\___ | '_ | '_| | '_ \/ _` | \ \ \ \
 \\/  ___)| |_)| | | | | || (_| |  ) ) ) )
  '  |____| .__|_| |_|_| |_\__, | / / / /
 =========|_|==============|___/=/_/_/_/
 :: Spring Boot ::        (v2.2.6.RELEASE)

2020-06-22 16:20:32.764  INFO 18332 --- [    Test worker] c.e.springboot.web.IndexControllerTest   : Starting IndexControllerTest on DESKTOP-HG3VL7R with PID 18332 (started by user in C:\Users\user\IdeaProjects\springbootwebservice)
2020-06-22 16:20:32.764  INFO 18332 --- [    Test worker] c.e.springboot.web.IndexControllerTest   : The following profiles are active: oauth
2020-06-22 16:20:33.249  INFO 18332 --- [    Test worker] .s.d.r.c.RepositoryConfigurationDelegate : Bootstrapping Spring Data JPA repositories in DEFAULT mode.
2020-06-22 16:20:33.305  INFO 18332 --- [    Test worker] .s.d.r.c.RepositoryConfigurationDelegate : Finished Spring Data repository scanning in 55ms. Found 2 JPA repository interfaces.
2020-06-22 16:20:34.031  INFO 18332 --- [    Test worker] o.s.b.w.embedded.tomcat.TomcatWebServer  : Tomcat initialized with port(s): 0 (http)
2020-06-22 16:20:34.060  INFO 18332 --- [    Test worker] o.apache.catalina.core.StandardService   : Starting service [Tomcat]
2020-06-22 16:20:34.061  INFO 18332 --- [    Test worker] org.apache.catalina.core.StandardEngine  : Starting Servlet engine: [Apache Tomcat/9.0.33]
2020-06-22 16:20:34.447  INFO 18332 --- [    Test worker] o.a.c.c.C.[Tomcat].[localhost].[/]       : Initializing Spring embedded WebApplicationContext
2020-06-22 16:20:34.447  INFO 18332 --- [    Test worker] o.s.web.context.ContextLoader            : Root WebApplicationContext: initialization completed in 1675 ms
2020-06-22 16:20:34.566  INFO 18332 --- [    Test worker] com.zaxxer.hikari.HikariDataSource       : HikariPool-2 - Starting...
2020-06-22 16:20:34.569  INFO 18332 --- [    Test worker] com.zaxxer.hikari.HikariDataSource       : HikariPool-2 - Start completed.
2020-06-22 16:20:34.569  INFO 18332 --- [    Test worker] o.s.b.a.h2.H2ConsoleAutoConfiguration    : H2 console available at '/h2-console'. Database available at 'jdbc:h2:mem:testdb'
2020-06-22 16:20:34.953  INFO 18332 --- [    Test worker] o.hibernate.jpa.internal.util.LogHelper  : HHH000204: Processing PersistenceUnitInfo [name: default]
2020-06-22 16:20:34.969  INFO 18332 --- [    Test worker] org.hibernate.dialect.Dialect            : HHH000400: Using dialect: org.hibernate.dialect.H2Dialect
Hibernate: drop table posts if exists
Hibernate: drop table user if exists
Hibernate: create table posts (id bigint generated by default as identity, created_date timestamp, modified_date timestamp, author varchar(255), content TEXT not null, title varchar(500) not null, primary key (id))
Hibernate: create table user (id bigint generated by default as identity, email varchar(255) not null, name varchar(255) not null, picture varchar(255), role varchar(255) not null, primary key (id))
2020-06-22 16:20:35.124  INFO 18332 --- [    Test worker] o.h.e.t.j.p.i.JtaPlatformInitiator       : HHH000490: Using JtaPlatform implementation: [org.hibernate.engine.transaction.jta.platform.internal.NoJtaPlatform]
2020-06-22 16:20:35.124  INFO 18332 --- [    Test worker] j.LocalContainerEntityManagerFactoryBean : Initialized JPA EntityManagerFactory for persistence unit 'default'
2020-06-22 16:20:35.735  WARN 18332 --- [    Test worker] JpaBaseConfiguration$JpaWebConfiguration : spring.jpa.open-in-view is enabled by default. Therefore, database queries may be performed during view rendering. Explicitly configure spring.jpa.open-in-view to disable this warning
2020-06-22 16:20:36.290  INFO 18332 --- [    Test worker] o.s.s.web.DefaultSecurityFilterChain     : Creating filter chain: any request, [org.springframework.security.web.context.request.async.WebAsyncManagerIntegrationFilter@f69edfa, org.springframework.security.web.context.SecurityContextPersistenceFilter@355655c9, org.springframework.security.web.header.HeaderWriterFilter@1c0c48df, org.springframework.security.web.authentication.logout.LogoutFilter@1baca5ab, org.springframework.security.oauth2.client.web.OAuth2AuthorizationRequestRedirectFilter@2827367e, org.springframework.security.oauth2.client.web.OAuth2LoginAuthenticationFilter@34e4cb4f, org.springframework.security.web.authentication.ui.DefaultLoginPageGeneratingFilter@7deab49e, org.springframework.security.web.authentication.ui.DefaultLogoutPageGeneratingFilter@15a6a59f, org.springframework.security.web.savedrequest.RequestCacheAwareFilter@83d2cb2, org.springframework.security.web.servletapi.SecurityContextHolderAwareRequestFilter@7689c7da, org.springframework.security.web.authentication.AnonymousAuthenticationFilter@423f593, org.springframework.security.web.session.SessionManagementFilter@f409500, org.springframework.security.web.access.ExceptionTranslationFilter@569d6978, org.springframework.security.web.access.intercept.FilterSecurityInterceptor@447ee3f]
2020-06-22 16:20:36.686  INFO 18332 --- [    Test worker] o.s.s.concurrent.ThreadPoolTaskExecutor  : Initializing ExecutorService 'applicationTaskExecutor'
2020-06-22 16:20:36.767  INFO 18332 --- [    Test worker] o.s.b.a.w.s.WelcomePageHandlerMapping    : Adding welcome page template: index
2020-06-22 16:20:37.335  INFO 18332 --- [    Test worker] s.a.ScheduledAnnotationBeanPostProcessor : No TaskScheduler/ScheduledExecutorService bean found for scheduled processing
2020-06-22 16:20:37.376  INFO 18332 --- [    Test worker] o.s.b.w.embedded.tomcat.TomcatWebServer  : Tomcat started on port(s): 61873 (http) with context path ''
2020-06-22 16:20:37.378  INFO 18332 --- [    Test worker] c.e.springboot.web.IndexControllerTest   : Started IndexControllerTest in 4.738 seconds (JVM running for 22.183)
2020-06-22 16:20:37.587  INFO 18332 --- [o-auto-1-exec-1] o.a.c.c.C.[Tomcat].[localhost].[/]       : Initializing Spring DispatcherServlet 'dispatcherServlet'
2020-06-22 16:20:37.587  INFO 18332 --- [o-auto-1-exec-1] o.s.web.servlet.DispatcherServlet        : Initializing Servlet 'dispatcherServlet'
2020-06-22 16:20:37.622  INFO 18332 --- [o-auto-1-exec-1] o.s.web.servlet.DispatcherServlet        : Completed initialization in 35 ms
Hibernate: select posts0_.id as id1_0_, posts0_.created_date as created_2_0_, posts0_.modified_date as modified3_0_, posts0_.author as author4_0_, posts0_.content as content5_0_, posts0_.title as title6_0_ from posts posts0_ order by posts0_.id DESC
]]></system-out>
  <system-err><![CDATA[]]></system-err>
</testsuite>
