<?xml version="1.0" encoding="UTF-8"?>
<testsuite name="com.example.springboot.web.HelloControllerTest" tests="2" skipped="0" failures="0" errors="0" timestamp="2020-07-16T13:22:13" hostname="DESKTOP-HG3VL7R" time="0.325">
  <properties/>
  <testcase name="hello가_리턴된다" classname="com.example.springboot.web.HelloControllerTest" time="0.138"/>
  <testcase name="helloDto가_리턴된다" classname="com.example.springboot.web.HelloControllerTest" time="0.186"/>
  <system-out><![CDATA[2020-07-16 22:22:11.667  INFO 25788 --- [    Test worker] .b.t.a.w.s.WebMvcTestContextBootstrapper : Neither @ContextConfiguration nor @ContextHierarchy found for test class [com.example.springboot.web.HelloControllerTest], using SpringBootContextLoader
2020-07-16 22:22:11.670  INFO 25788 --- [    Test worker] o.s.t.c.support.AbstractContextLoader    : Could not detect default resource locations for test class [com.example.springboot.web.HelloControllerTest]: no resource found for suffixes {-context.xml, Context.groovy}.
2020-07-16 22:22:11.670  INFO 25788 --- [    Test worker] t.c.s.AnnotationConfigContextLoaderUtils : Could not detect default configuration classes for test class [com.example.springboot.web.HelloControllerTest]: HelloControllerTest does not declare any static, non-private, non-final, nested classes annotated with @Configuration.
2020-07-16 22:22:11.727  INFO 25788 --- [    Test worker] .b.t.c.SpringBootTestContextBootstrapper : Found @SpringBootConfiguration com.example.springboot.Application for test class com.example.springboot.web.HelloControllerTest
2020-07-16 22:22:11.744  INFO 25788 --- [    Test worker] .b.t.a.w.s.WebMvcTestContextBootstrapper : Loaded default TestExecutionListener class names from location [META-INF/spring.factories]: [org.springframework.security.test.context.support.WithSecurityContextTestExecutionListener, org.springframework.security.test.context.support.ReactorContextTestExecutionListener, org.springframework.boot.test.autoconfigure.restdocs.RestDocsTestExecutionListener, org.springframework.boot.test.autoconfigure.web.client.MockRestServiceServerResetTestExecutionListener, org.springframework.boot.test.autoconfigure.web.servlet.MockMvcPrintOnlyOnFailureTestExecutionListener, org.springframework.boot.test.autoconfigure.web.servlet.WebDriverTestExecutionListener, org.springframework.boot.test.mock.mockito.MockitoTestExecutionListener, org.springframework.boot.test.mock.mockito.ResetMocksTestExecutionListener, org.springframework.test.context.web.ServletTestExecutionListener, org.springframework.test.context.support.DirtiesContextBeforeModesTestExecutionListener, org.springframework.test.context.support.DependencyInjectionTestExecutionListener, org.springframework.test.context.support.DirtiesContextTestExecutionListener, org.springframework.test.context.transaction.TransactionalTestExecutionListener, org.springframework.test.context.jdbc.SqlScriptsTestExecutionListener]
2020-07-16 22:22:11.751  INFO 25788 --- [    Test worker] .b.t.a.w.s.WebMvcTestContextBootstrapper : Using TestExecutionListeners: [org.springframework.test.context.web.ServletTestExecutionListener@44f821b5, org.springframework.test.context.support.DirtiesContextBeforeModesTestExecutionListener@305d9ee6, org.springframework.boot.test.mock.mockito.MockitoTestExecutionListener@1d78e8e2, org.springframework.boot.test.autoconfigure.SpringBootDependencyInjectionTestExecutionListener@6ee8a4b3, org.springframework.test.context.support.DirtiesContextTestExecutionListener@6b98c552, org.springframework.test.context.transaction.TransactionalTestExecutionListener@376ecc69, org.springframework.test.context.jdbc.SqlScriptsTestExecutionListener@6d0b0d9e, org.springframework.security.test.context.support.WithSecurityContextTestExecutionListener@466df1b0, org.springframework.security.test.context.support.ReactorContextTestExecutionListener@6b720e7a, org.springframework.boot.test.autoconfigure.restdocs.RestDocsTestExecutionListener@2a3e8af9, org.springframework.boot.test.autoconfigure.web.client.MockRestServiceServerResetTestExecutionListener@1f6c15dd, org.springframework.boot.test.autoconfigure.web.servlet.MockMvcPrintOnlyOnFailureTestExecutionListener@362587f1, org.springframework.boot.test.autoconfigure.web.servlet.WebDriverTestExecutionListener@4ddf4e91, org.springframework.boot.test.mock.mockito.ResetMocksTestExecutionListener@13686c91]

  .   ____          _            __ _ _
 /\\ / ___'_ __ _ _(_)_ __  __ _ \ \ \ \
( ( )\___ | '_ | '_| | '_ \/ _` | \ \ \ \
 \\/  ___)| |_)| | | | | || (_| |  ) ) ) )
  '  |____| .__|_| |_|_| |_\__, | / / / /
 =========|_|==============|___/=/_/_/_/
 :: Spring Boot ::        (v2.1.7.RELEASE)

2020-07-16 22:22:11.872  INFO 25788 --- [    Test worker] c.e.springboot.web.HelloControllerTest   : Starting HelloControllerTest on DESKTOP-HG3VL7R with PID 25788 (started by user in C:\Users\user\IdeaProjects\springbootwebservice)
2020-07-16 22:22:11.872  INFO 25788 --- [    Test worker] c.e.springboot.web.HelloControllerTest   : The following profiles are active: oauth
2020-07-16 22:22:12.839  INFO 25788 --- [    Test worker] o.s.s.concurrent.ThreadPoolTaskExecutor  : Initializing ExecutorService 'applicationTaskExecutor'
2020-07-16 22:22:12.911  INFO 25788 --- [    Test worker] o.s.b.a.w.s.WelcomePageHandlerMapping    : Adding welcome page template: index
2020-07-16 22:22:13.381  INFO 25788 --- [    Test worker] .s.s.UserDetailsServiceAutoConfiguration : 

Using generated security password: c3c510f3-895e-49f9-8b19-e791324ffd64

2020-07-16 22:22:13.738  INFO 25788 --- [    Test worker] o.s.s.web.DefaultSecurityFilterChain     : Creating filter chain: any request, [org.springframework.security.web.context.request.async.WebAsyncManagerIntegrationFilter@1fbf8a69, org.springframework.security.web.context.SecurityContextPersistenceFilter@60bcc8d0, org.springframework.security.web.header.HeaderWriterFilter@26138e1, org.springframework.security.web.csrf.CsrfFilter@5dfcabc, org.springframework.security.web.authentication.logout.LogoutFilter@58302014, org.springframework.security.web.authentication.UsernamePasswordAuthenticationFilter@cb19d49, org.springframework.security.web.authentication.ui.DefaultLoginPageGeneratingFilter@39ffb9a5, org.springframework.security.web.authentication.ui.DefaultLogoutPageGeneratingFilter@7aa7444f, org.springframework.security.web.authentication.www.BasicAuthenticationFilter@30e1207a, org.springframework.security.web.savedrequest.RequestCacheAwareFilter@4ffe3f7a, org.springframework.security.web.servletapi.SecurityContextHolderAwareRequestFilter@4453b054, org.springframework.security.web.authentication.AnonymousAuthenticationFilter@437c5991, org.springframework.security.web.session.SessionManagementFilter@7990983b, org.springframework.security.web.access.ExceptionTranslationFilter@6d984eab, org.springframework.security.web.access.intercept.FilterSecurityInterceptor@249e2654]
2020-07-16 22:22:13.818  INFO 25788 --- [    Test worker] o.s.b.t.m.w.SpringBootMockServletContext : Initializing Spring TestDispatcherServlet ''
2020-07-16 22:22:13.818  INFO 25788 --- [    Test worker] o.s.t.web.servlet.TestDispatcherServlet  : Initializing Servlet ''
2020-07-16 22:22:13.852  INFO 25788 --- [    Test worker] o.s.t.web.servlet.TestDispatcherServlet  : Completed initialization in 34 ms
2020-07-16 22:22:13.928  INFO 25788 --- [    Test worker] c.e.springboot.web.HelloControllerTest   : Started HelloControllerTest in 2.171 seconds (JVM running for 17.939)
]]></system-out>
  <system-err><![CDATA[]]></system-err>
</testsuite>
