<?xml version="1.0" encoding="UTF-8"?>
<testsuite name="com.example.springboot.web.HelloControllerTest" tests="2" skipped="0" failures="0" errors="0" timestamp="2020-06-25T01:32:52" hostname="DESKTOP-HG3VL7R" time="0.509">
  <properties/>
  <testcase name="hello가_리턴된다" classname="com.example.springboot.web.HelloControllerTest" time="0.255"/>
  <testcase name="helloDto가_리턴된다" classname="com.example.springboot.web.HelloControllerTest" time="0.253"/>
  <system-out><![CDATA[2020-06-25 10:32:49.148  INFO 25012 --- [    Test worker] .b.t.a.w.s.WebMvcTestContextBootstrapper : Neither @ContextConfiguration nor @ContextHierarchy found for test class [com.example.springboot.web.HelloControllerTest], using SpringBootContextLoader
2020-06-25 10:32:49.150  INFO 25012 --- [    Test worker] o.s.t.c.support.AbstractContextLoader    : Could not detect default resource locations for test class [com.example.springboot.web.HelloControllerTest]: no resource found for suffixes {-context.xml, Context.groovy}.
2020-06-25 10:32:49.151  INFO 25012 --- [    Test worker] t.c.s.AnnotationConfigContextLoaderUtils : Could not detect default configuration classes for test class [com.example.springboot.web.HelloControllerTest]: HelloControllerTest does not declare any static, non-private, non-final, nested classes annotated with @Configuration.
2020-06-25 10:32:49.209  INFO 25012 --- [    Test worker] .b.t.c.SpringBootTestContextBootstrapper : Found @SpringBootConfiguration com.example.springboot.Application for test class com.example.springboot.web.HelloControllerTest
2020-06-25 10:32:49.210  INFO 25012 --- [    Test worker] .b.t.a.w.s.WebMvcTestContextBootstrapper : Loaded default TestExecutionListener class names from location [META-INF/spring.factories]: [org.springframework.security.test.context.support.WithSecurityContextTestExecutionListener, org.springframework.security.test.context.support.ReactorContextTestExecutionListener, org.springframework.boot.test.autoconfigure.restdocs.RestDocsTestExecutionListener, org.springframework.boot.test.autoconfigure.web.client.MockRestServiceServerResetTestExecutionListener, org.springframework.boot.test.autoconfigure.web.servlet.MockMvcPrintOnlyOnFailureTestExecutionListener, org.springframework.boot.test.autoconfigure.web.servlet.WebDriverTestExecutionListener, org.springframework.boot.test.mock.mockito.MockitoTestExecutionListener, org.springframework.boot.test.mock.mockito.ResetMocksTestExecutionListener, org.springframework.test.context.web.ServletTestExecutionListener, org.springframework.test.context.support.DirtiesContextBeforeModesTestExecutionListener, org.springframework.test.context.support.DependencyInjectionTestExecutionListener, org.springframework.test.context.support.DirtiesContextTestExecutionListener, org.springframework.test.context.transaction.TransactionalTestExecutionListener, org.springframework.test.context.jdbc.SqlScriptsTestExecutionListener, org.springframework.test.context.event.EventPublishingTestExecutionListener]
2020-06-25 10:32:49.214  INFO 25012 --- [    Test worker] .b.t.a.w.s.WebMvcTestContextBootstrapper : Using TestExecutionListeners: [org.springframework.test.context.web.ServletTestExecutionListener@4feebdcf, org.springframework.test.context.support.DirtiesContextBeforeModesTestExecutionListener@45057c5e, org.springframework.boot.test.mock.mockito.MockitoTestExecutionListener@4e14a923, org.springframework.boot.test.autoconfigure.SpringBootDependencyInjectionTestExecutionListener@37afff2d, org.springframework.test.context.support.DirtiesContextTestExecutionListener@d953cd2, org.springframework.test.context.transaction.TransactionalTestExecutionListener@631c56b2, org.springframework.test.context.jdbc.SqlScriptsTestExecutionListener@82ab643, org.springframework.security.test.context.support.WithSecurityContextTestExecutionListener@403476fc, org.springframework.test.context.event.EventPublishingTestExecutionListener@64e3a184, org.springframework.security.test.context.support.ReactorContextTestExecutionListener@65cbd26c, org.springframework.boot.test.autoconfigure.restdocs.RestDocsTestExecutionListener@380ee838, org.springframework.boot.test.autoconfigure.web.client.MockRestServiceServerResetTestExecutionListener@5b6efa53, org.springframework.boot.test.autoconfigure.web.servlet.MockMvcPrintOnlyOnFailureTestExecutionListener@22788f3b, org.springframework.boot.test.autoconfigure.web.servlet.WebDriverTestExecutionListener@191b61aa, org.springframework.boot.test.mock.mockito.ResetMocksTestExecutionListener@561b0599]

  .   ____          _            __ _ _
 /\\ / ___'_ __ _ _(_)_ __  __ _ \ \ \ \
( ( )\___ | '_ | '_| | '_ \/ _` | \ \ \ \
 \\/  ___)| |_)| | | | | || (_| |  ) ) ) )
  '  |____| .__|_| |_|_| |_\__, | / / / /
 =========|_|==============|___/=/_/_/_/
 :: Spring Boot ::        (v2.2.6.RELEASE)

2020-06-25 10:32:49.382  INFO 25012 --- [    Test worker] c.e.springboot.web.HelloControllerTest   : Starting HelloControllerTest on DESKTOP-HG3VL7R with PID 25012 (started by user in C:\Users\user\IdeaProjects\springbootwebservice)
2020-06-25 10:32:49.383  INFO 25012 --- [    Test worker] c.e.springboot.web.HelloControllerTest   : The following profiles are active: oauth
2020-06-25 10:32:50.657  INFO 25012 --- [    Test worker] o.s.s.concurrent.ThreadPoolTaskExecutor  : Initializing ExecutorService 'applicationTaskExecutor'
2020-06-25 10:32:50.807  INFO 25012 --- [    Test worker] o.s.b.a.w.s.WelcomePageHandlerMapping    : Adding welcome page template: index
2020-06-25 10:32:51.685  INFO 25012 --- [    Test worker] .s.s.UserDetailsServiceAutoConfiguration : 

Using generated security password: e06c12d3-e7b9-45c0-b4f3-9ac814b94d8f

2020-06-25 10:32:52.426  INFO 25012 --- [    Test worker] o.s.s.web.DefaultSecurityFilterChain     : Creating filter chain: any request, [org.springframework.security.web.context.request.async.WebAsyncManagerIntegrationFilter@700dd590, org.springframework.security.web.context.SecurityContextPersistenceFilter@4e8673da, org.springframework.security.web.header.HeaderWriterFilter@5f6b4805, org.springframework.security.web.csrf.CsrfFilter@656a164d, org.springframework.security.web.authentication.logout.LogoutFilter@5a801e96, org.springframework.security.web.authentication.UsernamePasswordAuthenticationFilter@3107aaee, org.springframework.security.web.authentication.ui.DefaultLoginPageGeneratingFilter@efa0dea, org.springframework.security.web.authentication.ui.DefaultLogoutPageGeneratingFilter@58fed60a, org.springframework.security.web.authentication.www.BasicAuthenticationFilter@176a7c98, org.springframework.security.web.savedrequest.RequestCacheAwareFilter@5621d3cc, org.springframework.security.web.servletapi.SecurityContextHolderAwareRequestFilter@530f926d, org.springframework.security.web.authentication.AnonymousAuthenticationFilter@1c34ef31, org.springframework.security.web.session.SessionManagementFilter@6a86e5db, org.springframework.security.web.access.ExceptionTranslationFilter@540996d0, org.springframework.security.web.access.intercept.FilterSecurityInterceptor@3a9d23ff]
2020-06-25 10:32:52.652  INFO 25012 --- [    Test worker] o.s.b.t.m.w.SpringBootMockServletContext : Initializing Spring TestDispatcherServlet ''
2020-06-25 10:32:52.654  INFO 25012 --- [    Test worker] o.s.t.web.servlet.TestDispatcherServlet  : Initializing Servlet ''
2020-06-25 10:32:52.716  INFO 25012 --- [    Test worker] o.s.t.web.servlet.TestDispatcherServlet  : Completed initialization in 57 ms
2020-06-25 10:32:52.785  INFO 25012 --- [    Test worker] c.e.springboot.web.HelloControllerTest   : Started HelloControllerTest in 3.565 seconds (JVM running for 22.971)
]]></system-out>
  <system-err><![CDATA[]]></system-err>
</testsuite>
